<?xml version="1.0" encoding="UTF-8"?>
<!-- Generated by org.testng.reporters.JUnitReportReporter -->
<testsuite hostname="Amols-MacBook-Pro.local" failures="0" tests="3" name="org.amazon.LoginTests" time="5.162" errors="0" timestamp="2025-07-02T12:09:48 GST" skipped="0">
  <testcase classname="org.amazon.LoginTests" name="testForgotPassword" time="0.148"/>
  <testcase classname="org.amazon.LoginTests" name="testRegisterHereLink" time="1.996"/>
  <testcase classname="org.amazon.LoginTests" name="testValidLogin" time="3.018"/>
</testsuite> <!-- org.amazon.LoginTests -->
