<?xml version="1.0" encoding="UTF-8"?>
<!-- Generated by org.testng.reporters.JUnitReportReporter -->
<testsuite hostname="Amols-MacBook-Pro.local" failures="0" tests="1" name="org.amazon.RegistrationTests" time="1.955" errors="0" timestamp="2025-07-02T11:15:46 GST" skipped="0">
  <testcase classname="org.amazon.RegistrationTests" name="testValidRegistration" time="1.955"/>
</testsuite> <!-- org.amazon.RegistrationTests -->
