<?xml version="1.0" encoding="UTF-8"?>
<!-- Generated by org.testng.reporters.JUnitReportReporter -->
<testsuite hostname="Amols-MacBook-Pro.local" failures="0" tests="4" name="org.amazon.LoginTests" time="7.470" errors="0" timestamp="2025-07-02T11:11:17 GST" skipped="0">
  <testcase classname="org.amazon.LoginTests" name="testInvalidLogin" time="0.785"/>
  <testcase classname="org.amazon.LoginTests" name="testForgotPassword" time="1.553"/>
  <testcase classname="org.amazon.LoginTests" name="testRegisterHereLink" time="2.004"/>
  <testcase classname="org.amazon.LoginTests" name="testValidLogin" time="3.128"/>
</testsuite> <!-- org.amazon.LoginTests -->
